2025-11-10 11:24:47,311 - INFO - ================================================================================
2025-11-10 11:24:47,313 - INFO - IsiA Monomer Hamiltonian and Spectra Calculation
2025-11-10 11:24:47,314 - INFO - ================================================================================
2025-11-10 11:24:47,315 - INFO - Project root: /Users/mohamed/Library/CloudStorage/Box-Box/MesoscienceLab/ActiveProjects/IsiA/IsiA_manuscript/Data/IsiA_data_and_code
2025-11-10 11:24:47,316 - INFO - PDB file: extended_most_occ_pH7.pdb
2025-11-10 11:24:47,316 - INFO - Results output: /Users/mohamed/Library/CloudStorage/Box-Box/MesoscienceLab/ActiveProjects/IsiA/IsiA_manuscript/Data/IsiA_data_and_code/scripts/hamiltonian/results/hamiltonian_results
2025-11-10 11:24:47,318 - INFO - Log file: calculation_log_20251110_112447.log
2025-11-10 11:24:47,319 - INFO - ================================================================================
2025-11-10 11:24:47,319 - INFO - 
2025-11-10 11:24:47,320 - INFO - Loading PDB structure and building atomic protein...
2025-11-10 11:24:47,435 - INFO - ✓ Parameters validated: fval_tresp=0.72, dielectric_cdc=2, dielectric_tresp=1
2025-11-10 11:24:48,119 - INFO - 
Calculating site energy shifts...
2025-11-10 11:24:48,721 - INFO - {'Isia_A_CLA_501': 14873.306352125326, 'Isia_A_CLA_502': 14827.826522796267, 'Isia_A_CLA_503': 14836.984251777803, 'Isia_A_CLA_504': 15009.243121712925, 'Isia_A_CLA_505': 14883.032840238302, 'Isia_A_CLA_506': 14989.865139045387, 'Isia_A_CLA_507': 14844.654048257864, 'Isia_A_CLA_508': 14840.596807513786, 'Isia_A_CLA_509': 14858.991587850524, 'Isia_A_CLA_510': 14934.848411599094, 'Isia_A_CLA_511': 14810.466964859017, 'Isia_A_CLA_512': 14822.450742195646, 'Isia_A_CLA_513': 15024.167709578314, 'Isia_A_CLA_516': 14974.162751132077, 'Isia_A_CLA_517': 15005.953632669376, 'Isia_A_CLA_518': 14866.551059784835, 'Isia_A_CLA_519': 14926.66864100997}
2025-11-10 11:24:48,722 - INFO - {'Isia_A_CLA_511': 14810.466964859017, 'Isia_A_CLA_512': 14822.450742195646, 'Isia_A_CLA_502': 14827.826522796267, 'Isia_A_CLA_503': 14836.984251777803, 'Isia_A_CLA_508': 14840.596807513786, 'Isia_A_CLA_507': 14844.654048257864, 'Isia_A_CLA_509': 14858.991587850524, 'Isia_A_CLA_518': 14866.551059784835, 'Isia_A_CLA_501': 14873.306352125326, 'Isia_A_CLA_505': 14883.032840238302, 'Isia_A_CLA_519': 14926.66864100997, 'Isia_A_CLA_510': 14934.848411599094, 'Isia_A_CLA_516': 14974.162751132077, 'Isia_A_CLA_506': 14989.865139045387, 'Isia_A_CLA_517': 15005.953632669376, 'Isia_A_CLA_504': 15009.243121712925, 'Isia_A_CLA_513': 15024.167709578314}
2025-11-10 11:24:48,723 - INFO - 
Saving site energy data...
2025-11-10 11:24:48,725 - INFO - Successfully saved data to: /Users/mohamed/Library/CloudStorage/Box-Box/MesoscienceLab/ActiveProjects/IsiA/IsiA_manuscript/Data/IsiA_data_and_code/scripts/hamiltonian/results/hamiltonian_results/SiteEnergy_Data/Isia_chain_A_dielc_2_a14900_b0_N_ens_100_shift.json
2025-11-10 11:24:48,726 - INFO - Successfully saved data to: /Users/mohamed/Library/CloudStorage/Box-Box/MesoscienceLab/ActiveProjects/IsiA/IsiA_manuscript/Data/IsiA_data_and_code/scripts/hamiltonian/results/hamiltonian_results/SiteEnergy_Data/Isia_chain_A_dielc_2_a14900_b0_N_ens_100_raw.json
2025-11-10 11:24:48,735 - INFO - Successfully saved data to: /Users/mohamed/Library/CloudStorage/Box-Box/MesoscienceLab/ActiveProjects/IsiA/IsiA_manuscript/Data/IsiA_data_and_code/scripts/hamiltonian/results/hamiltonian_results/SiteEnergy_Data/Isia_chain_A_dielc_2_a14900_b0_N_ens_100_contrib.json
2025-11-10 11:24:48,737 - INFO - Successfully saved data to: /Users/mohamed/Library/CloudStorage/Box-Box/MesoscienceLab/ActiveProjects/IsiA/IsiA_manuscript/Data/IsiA_data_and_code/scripts/hamiltonian/results/hamiltonian_results/SiteEnergy_Data/Isia_chain_A_dielc_2_a14900_b0_N_ens_100_metadata.json
2025-11-10 11:24:48,739 - INFO - Successfully saved data to: /Users/mohamed/Library/CloudStorage/Box-Box/MesoscienceLab/ActiveProjects/IsiA/IsiA_manuscript/Data/IsiA_data_and_code/scripts/hamiltonian/results/hamiltonian_results/SiteEnergy_Data/Isia_chain_A_dielc_2_a14900_b0_N_ens_100_summary.json
2025-11-10 11:24:48,739 - INFO - 
============================================================
2025-11-10 11:24:48,740 - INFO - SITE ENERGY DATA SAVED
2025-11-10 11:24:48,741 - INFO - ============================================================
2025-11-10 11:24:48,742 - INFO - Directory: /Users/mohamed/Library/CloudStorage/Box-Box/MesoscienceLab/ActiveProjects/IsiA/IsiA_manuscript/Data/IsiA_data_and_code/scripts/hamiltonian/results/hamiltonian_results/SiteEnergy_Data
2025-11-10 11:24:48,743 - INFO - Base filename: Isia_chain_A_dielc_2_a14900_b0_N_ens_100
2025-11-10 11:24:48,743 - INFO - 
Files saved:
2025-11-10 11:24:48,744 - INFO -   - *_shift.json     : Site energy shifts
2025-11-10 11:24:48,746 - INFO -   - *_raw.json       : Raw total site energies
2025-11-10 11:24:48,746 - INFO -   - *_contrib.json   : Total contribution data
2025-11-10 11:24:48,747 - INFO -   - *_metadata.json  : Calculation parameters and descriptions
2025-11-10 11:24:48,748 - INFO -   - *_summary.json   : Summary statistics
2025-11-10 11:24:48,749 - INFO - 
Summary statistics:
2025-11-10 11:24:48,750 - INFO -   Sites: 17
2025-11-10 11:24:48,751 - INFO -   Energy range: 213.7 cm⁻¹
2025-11-10 11:24:48,752 - INFO -   Mean ± SD: 14901.8 ± 71.8 cm⁻¹
2025-11-10 11:24:48,754 - INFO - 
============================================================
2025-11-10 11:24:48,755 - INFO - VERIFICATION
2025-11-10 11:24:48,756 - INFO - ============================================================
2025-11-10 11:24:48,757 - INFO - Successfully loaded data from: /Users/mohamed/Library/CloudStorage/Box-Box/MesoscienceLab/ActiveProjects/IsiA/IsiA_manuscript/Data/IsiA_data_and_code/scripts/hamiltonian/results/hamiltonian_results/SiteEnergy_Data/Isia_chain_A_dielc_2_a14900_b0_N_ens_100_raw.json
2025-11-10 11:24:48,758 - INFO - Verification successful: 17 sites loaded
2025-11-10 11:24:48,759 - INFO - Sample data:
2025-11-10 11:24:48,760 - INFO -   Isia_A_CLA_501: 14873.306352125326
2025-11-10 11:24:48,761 - INFO -   Isia_A_CLA_502: 14827.826522796267
2025-11-10 11:24:48,762 - INFO -   Isia_A_CLA_503: 14836.984251777803
2025-11-10 11:24:48,763 - INFO -   ...
2025-11-10 11:24:48,764 - INFO - 
Plotting residue contribution and spatial interactions...
2025-11-10 11:24:48,765 - INFO - 
Constructing Hamiltonian...
2025-11-10 11:24:49,436 - INFO - 
Building Hamiltonian domains...
2025-11-10 11:24:49,438 - INFO - 
Calculating absorption and fluorescence spectra...
2025-11-10 11:24:49,439 - INFO - Running 100 ensemble calculations...
2025-11-10 11:24:55,018 - INFO - 
Saving spectra data...
2025-11-10 11:24:55,022 - INFO -   → Absorption: absorption_spectrum.csv
2025-11-10 11:24:55,023 - INFO -   → Fluorescence: fluorescence_spectrum.csv
2025-11-10 11:24:55,024 - INFO -   → Hamiltonian: raw_IsiA_chain_A_dielc_2_a14900_b0.csv
2025-11-10 11:24:55,025 - INFO - 
Loading experimental data...
2025-11-10 11:24:55,026 - INFO -   ✓ Experimental data loaded
2025-11-10 11:24:55,027 - INFO - 
Generating publication-quality figures...
2025-11-10 11:24:55,345 - INFO -   ✓ Spectra figures saved to: /Users/mohamed/Library/CloudStorage/Box-Box/MesoscienceLab/ActiveProjects/IsiA/IsiA_manuscript/Data/IsiA_data_and_code/scripts/hamiltonian/results/hamiltonian_results/Spectra_figures
2025-11-10 11:24:55,346 - INFO - 
Calculating exciton distribution...
2025-11-10 11:24:55,371 - INFO -   ✓ Exciton distribution calculated
2025-11-10 11:24:55,372 - INFO -   → Plotting exciton distribution to: /Users/mohamed/Library/CloudStorage/Box-Box/MesoscienceLab/ActiveProjects/IsiA/IsiA_manuscript/Data/IsiA_data_and_code/scripts/hamiltonian/results/hamiltonian_results/Spectra_figures
2025-11-10 11:24:57,579 - INFO -   ✓ Exciton distribution plot saved
2025-11-10 11:24:57,580 - INFO -   → Plotting combined absorption and exciton distribution
2025-11-10 11:24:59,258 - INFO -   ✓ Combined absorption and exciton plot saved
2025-11-10 11:24:59,259 - INFO - 
Plotting energetic domains...
2025-11-10 11:24:59,730 - INFO -   ✓ Energetic domains plot saved to: /Users/mohamed/Library/CloudStorage/Box-Box/MesoscienceLab/ActiveProjects/IsiA/IsiA_manuscript/Data/IsiA_data_and_code/scripts/hamiltonian/results/hamiltonian_results/Spectra_figures/energetic_domains.png
2025-11-10 11:24:59,731 - INFO - 
Visualizing pigment networks...
2025-11-10 11:25:00,193 - INFO -   ✓ Network visualization saved to: /Users/mohamed/Library/CloudStorage/Box-Box/MesoscienceLab/ActiveProjects/IsiA/IsiA_manuscript/Data/IsiA_data_and_code/scripts/hamiltonian/results/hamiltonian_results/Domain_visualization/Pigments_Network_Visualization.png
2025-11-10 11:25:00,263 - INFO -   ✓ Interactive network visualization saved to: /Users/mohamed/Library/CloudStorage/Box-Box/MesoscienceLab/ActiveProjects/IsiA/IsiA_manuscript/Data/IsiA_data_and_code/scripts/hamiltonian/results/hamiltonian_results/Domain_visualization/pyvis_pigments_network.html
2025-11-10 11:25:00,267 - INFO - 
Plotting site energy shift visualization...
2025-11-10 11:25:00,572 - INFO -   ✓ Site energy shift plot saved to: /Users/mohamed/Library/CloudStorage/Box-Box/MesoscienceLab/ActiveProjects/IsiA/IsiA_manuscript/Data/IsiA_data_and_code/scripts/hamiltonian/results/hamiltonian_results/Spectra_figures/IsiA_SiteEnergy_Shift_Gradient.pdf
2025-11-10 11:25:00,680 - INFO - 
Analyzing pKa distribution...
2025-11-10 11:25:01,922 - INFO - 
================================================================================
2025-11-10 11:25:01,923 - INFO - ✓ CALCULATION COMPLETE!
2025-11-10 11:25:01,924 - INFO - ================================================================================
2025-11-10 11:25:01,925 - INFO - All results saved to: /Users/mohamed/Library/CloudStorage/Box-Box/MesoscienceLab/ActiveProjects/IsiA/IsiA_manuscript/Data/IsiA_data_and_code/scripts/hamiltonian/results/hamiltonian_results
2025-11-10 11:25:01,926 - INFO - Log file saved to: /Users/mohamed/Library/CloudStorage/Box-Box/MesoscienceLab/ActiveProjects/IsiA/IsiA_manuscript/Data/IsiA_data_and_code/scripts/hamiltonian/results/hamiltonian_results/calculation_log_20251110_112447.log
2025-11-10 11:25:01,927 - INFO - 
Key outputs:
2025-11-10 11:25:01,928 - INFO -   - Hamiltonian data: /Users/mohamed/Library/CloudStorage/Box-Box/MesoscienceLab/ActiveProjects/IsiA/IsiA_manuscript/Data/IsiA_data_and_code/scripts/hamiltonian/results/hamiltonian_results/Hamiltonian
2025-11-10 11:25:01,929 - INFO -   - Site energy data: /Users/mohamed/Library/CloudStorage/Box-Box/MesoscienceLab/ActiveProjects/IsiA/IsiA_manuscript/Data/IsiA_data_and_code/scripts/hamiltonian/results/hamiltonian_results/SiteEnergy_Data
2025-11-10 11:25:01,930 - INFO -   - Spectra data: /Users/mohamed/Library/CloudStorage/Box-Box/MesoscienceLab/ActiveProjects/IsiA/IsiA_manuscript/Data/IsiA_data_and_code/scripts/hamiltonian/results/hamiltonian_results/Spectra_Data
2025-11-10 11:25:01,931 - INFO -   - Figures: /Users/mohamed/Library/CloudStorage/Box-Box/MesoscienceLab/ActiveProjects/IsiA/IsiA_manuscript/Data/IsiA_data_and_code/scripts/hamiltonian/results/hamiltonian_results/Spectra_figures
2025-11-10 11:25:01,960 - INFO -   - Domain visualization: /Users/mohamed/Library/CloudStorage/Box-Box/MesoscienceLab/ActiveProjects/IsiA/IsiA_manuscript/Data/IsiA_data_and_code/scripts/hamiltonian/results/hamiltonian_results/Domain_visualization
2025-11-10 11:25:01,969 - INFO -   - pKa analysis: /Users/mohamed/Library/CloudStorage/Box-Box/MesoscienceLab/ActiveProjects/IsiA/IsiA_manuscript/Data/IsiA_data_and_code/scripts/hamiltonian/results/hamiltonian_results/pKa_analysis
2025-11-10 11:25:01,972 - INFO - ================================================================================
2025-11-10 11:25:01,975 - INFO - Calculation completed at: 2025-11-10 11:25:01
2025-11-10 11:25:01,977 - INFO - 
Organizing output files...
2025-11-10 11:25:01,979 - INFO -   → Moved Spectra_figuresexciton_distribution.png to Spectra_figures/
2025-11-10 11:25:01,981 - INFO -   → Moved Spectra_figuresexciton_distribution_with_absorption.png to Spectra_figures/
2025-11-10 11:25:01,982 - INFO - ✓ All files organized in proper subdirectories
